<?xml version="1.0" encoding="UTF-8"?>
<!-- Generated by org.testng.reporters.JUnitXMLReporter -->
<testsuite hostname="DESKTOP-TARJF5B" name="MyTests" tests="2" failures="2" timestamp="30 Aug 2016 03:28:17 GMT" time="0.009" errors="0">
  <testcase name="@BeforeSuite setUp" time="0.0" classname="com.xpower.appiumtestdemo.GameBoxTest">
    <failure type="java.lang.NoClassDefFoundError" message="com/xpower/appiumtestdemo/Config">
      <![CDATA[java.lang.NoClassDefFoundError: com/xpower/appiumtestdemo/Config
	at com.xpower.appiumtestdemo.util.BaseTest.initExtentReports(BaseTest.java:67)
	at com.xpower.appiumtestdemo.util.BaseTest.setUp(BaseTest.java:30)
	at com.xpower.appiumtestdemo.App.main(App.java:85)
	at com.intellij.rt.execution.application.AppMain.main(AppMain.java:147)
Caused by: java.lang.ClassNotFoundException: com.xpower.appiumtestdemo.Config
	at java.net.URLClassLoader.findClass(URLClassLoader.java:381)
	at java.lang.ClassLoader.loadClass(ClassLoader.java:424)
	at sun.misc.Launcher$AppClassLoader.loadClass(Launcher.java:331)
	at java.lang.ClassLoader.loadClass(ClassLoader.java:357)
	... 23 more
... Removed 19 stack frames]]>
    </failure>
  </testcase> <!-- @BeforeSuite setUp -->
  <testcase name="@BeforeTest init" time="0.0" classname="com.xpower.appiumtestdemo.GameBoxTest">
    <skipped/>
  </testcase> <!-- @BeforeTest init -->
  <testcase name="testAll" time="0.001" classname="com.xpower.appiumtestdemo.GameBoxTest">
    <failure type="java.lang.NullPointerException">
      <![CDATA[java.lang.NullPointerException
	at com.xpower.appiumtestdemo.util.TestNGListener.onTestStart(TestNGListener.java:22)
	at com.xpower.appiumtestdemo.App.main(App.java:85)
	at com.intellij.rt.execution.application.AppMain.main(AppMain.java:147)
... Removed 22 stack frames]]>
    </failure>
  </testcase> <!-- testAll -->
  <testcase name="testAll" time="0.005" classname="com.xpower.appiumtestdemo.GameBoxTest">
    <failure type="java.lang.NullPointerException">
      <![CDATA[java.lang.NullPointerException
	at com.xpower.appiumtestdemo.util.ScreenSrc.getScreen(ScreenSrc.java:21)
	at com.xpower.appiumtestdemo.util.BaseTest.takescreen(BaseTest.java:82)
	at com.xpower.appiumtestdemo.util.TestNGListener.takeScreenShot(TestNGListener.java:63)
	at com.xpower.appiumtestdemo.util.TestNGListener.onTestFailure(TestNGListener.java:28)
	at com.xpower.appiumtestdemo.App.main(App.java:85)
	at com.intellij.rt.execution.application.AppMain.main(AppMain.java:147)
... Removed 22 stack frames]]>
    </failure>
  </testcase> <!-- testAll -->
</testsuite> <!-- MyTests -->
