<?xml version="1.0" encoding="UTF-8"?>
<testng-results skipped="0" failed="0" total="1" passed="1">
  <reporter-output>
  </reporter-output>
  <suite name="Appium Test" duration-ms="1399867" started-at="2016-08-25T17:51:07Z" finished-at="2016-08-25T18:14:27Z">
    <groups>
    </groups>
    <test name="Appium Test 1" duration-ms="1399867" started-at="2016-08-25T17:51:07Z" finished-at="2016-08-25T18:14:27Z">
      <class name="com.xpower.appiumtestdemo.GameBoxTest">
        <test-method status="PASS" signature="setUp()" name="setUp" is-config="true" duration-ms="26624" started-at="2016-08-25T17:50:40Z" finished-at="2016-08-25T17:51:07Z">
        </test-method>
        <test-method status="PASS" signature="testAll()" name="testAll" duration-ms="1399392" started-at="2016-08-25T17:51:07Z" finished-at="2016-08-25T18:14:26Z">
        </test-method>
        <test-method status="PASS" signature="tearDown()" name="tearDown" is-config="true" duration-ms="3026" started-at="2016-08-25T18:14:27Z" finished-at="2016-08-25T18:14:30Z">
        </test-method>
      </class>
    </test>
  </suite>
</testng-results>
